0 info it worked if it ends with ok
1 verbose cli [ 'C:\\Program Files\\nodejs\\node.exe',
1 verbose cli   'C:\\Program Files\\nodejs\\node_modules\\npm\\bin\\npm-cli.js',
1 verbose cli   'start' ]
2 info using npm@3.10.10
3 info using node@v6.11.0
4 verbose run-script [ 'prestart', 'start', 'poststart' ]
5 info lifecycle ccsh-master-client@1.0.0~prestart: ccsh-master-client@1.0.0
6 silly lifecycle ccsh-master-client@1.0.0~prestart: no script for prestart, continuing
7 info lifecycle ccsh-master-client@1.0.0~start: ccsh-master-client@1.0.0
8 verbose lifecycle ccsh-master-client@1.0.0~start: unsafe-perm in lifecycle true
9 verbose lifecycle ccsh-master-client@1.0.0~start: PATH: C:\Program Files\nodejs\node_modules\npm\bin\node-gyp-bin;C:\Users\xichentop\Documents\ContraCostaInternship\mainsite-xc\client\node_modules\.bin;C:\ProgramData\Oracle\Java\javapath;C:\Program Files (x86)\Intel\iCLS Client\;C:\Program Files\Intel\iCLS Client\;C:\WINDOWS\system32;C:\WINDOWS;C:\WINDOWS\System32\Wbem;C:\WINDOWS\System32\WindowsPowerShell\v1.0\;C:\ProgramData\Lenovo\ReadyApps;C:\Program Files\Intel\Intel(R) Management Engine Components\DAL;C:\Program Files\Intel\Intel(R) Management Engine Components\IPT;C:\Program Files (x86)\Intel\Intel(R) Management Engine Components\DAL;C:\Program Files (x86)\Intel\Intel(R) Management Engine Components\IPT;C:\Program Files\Intel\WiFi\bin\;C:\Program Files\Common Files\Intel\WirelessCommon\;C:\Program Files\Git\cmd;C:\Program Files\Microsoft SQL Server\130\Tools\Binn\;C:\Users\xichentop\Anaconda3\envs\neuralnet\MinGW\bin;C:\Strawberry\perl\bin;C:\Strawberry\perl\site\bin;C:\Strawberry\c\bin;C:\Program Files (x86)\Skype\Phone\;C:\Users\xichentop\AppData\Roaming\nvm;C:\Program Files\nodejs;C:\Program Files\nodejs\;C:\Program Files (x86)\PDFtk\bin\;C:\Program Files\PuTTY\;C:\WINDOWS\system32\config\systemprofile\.dnx\bin;C:\Program Files\Microsoft DNX\Dnvm\;C:\Program Files\Microsoft SQL Server\120\Tools\Binn\;C:\Users\xichentop\Anaconda3;C:\Users\xichentop\Anaconda3\Scripts;C:\Users\xichentop\Anaconda3\Library\bin;C:\Program Files\Java\jdk1.8.0_60\bin;C:\Users\xichentop\AppData\Local\Programs\Python\Python35;C:\Users\xichentop\AppData\Local\Programs\Python\Python35\Scripts;C:\Users\xichentop\AppData\Local\Microsoft\WindowsApps;C:\Users\xichentop\AppData\Local\Google\Cloud SDK\google-cloud-sdk\bin;C:\Users\xichentop\AppData\Roaming\nvm;C:\Program Files\nodejs;C:\Users\xichentop\AppData\Roaming\npm;C:\Program Files\Heroku\bin
10 verbose lifecycle ccsh-master-client@1.0.0~start: CWD: C:\Users\xichentop\Documents\ContraCostaInternship\mainsite-xc\client
11 silly lifecycle ccsh-master-client@1.0.0~start: Args: [ '/d /s /c',
11 silly lifecycle   'node ./node_modules/webpack-dev-server/bin/webpack-dev-server.js' ]
12 verbose stack Error: kill ENOSYS
12 verbose stack     at exports._errnoException (util.js:1018:11)
12 verbose stack     at process.kill (internal/process.js:190:13)
12 verbose stack     at process.listener (C:\Program Files\nodejs\node_modules\npm\node_modules\npmlog\node_modules\gauge\node_modules\signal-exit\index.js:86:15)
12 verbose stack     at emitNone (events.js:91:20)
12 verbose stack     at process.emit (events.js:185:7)
12 verbose stack     at processEmit (C:\Program Files\nodejs\node_modules\npm\node_modules\npmlog\node_modules\gauge\node_modules\signal-exit\index.js:146:32)
12 verbose stack     at processEmit (C:\Program Files\nodejs\node_modules\npm\node_modules\npm-registry-client\node_modules\npmlog\node_modules\gauge\node_modules\signal-exit\index.js:146:32)
12 verbose stack     at Signal.wrap.onsignal (internal/process.js:217:44)
13 verbose cwd C:\Users\xichentop\Documents\ContraCostaInternship\mainsite-xc\client
14 error Windows_NT 10.0.15063
15 error argv "C:\\Program Files\\nodejs\\node.exe" "C:\\Program Files\\nodejs\\node_modules\\npm\\bin\\npm-cli.js" "start"
16 error node v6.11.0
17 error npm  v3.10.10
18 error code ENOSYS
19 error errno ENOSYS
20 error syscall kill
21 error kill ENOSYS
22 error If you need help, you may report this error at:
22 error     <https://github.com/npm/npm/issues>
23 verbose exit [ 1, true ]
